2017-04-19 14:15:52 ==> XCE: 

     ######################################################################
     #                                                                    #
     # XCHEMEXPLORER - multi dataset analysis                             #
     #                                                                    #
     # Version: v1.0-beta.3.4                                             #
     #                                                                    #
     # Date:                                                              #
     #                                                                    #
     # Author: Tobias Krojer, Structural Genomics Consortium, Oxford, UK  #
     #         tobias.krojer@sgc.ox.ac.uk                                 #
     #                                                                    #
     ######################################################################

creating new logfile for the current XChemExplorer (v1.0-beta.3.4) session:
/dls/science/groups/i04-1/software/XChemExplorer/xce.log

2017-04-19 14:15:52 ==> XCE: Searching for external software...
2017-04-19 14:15:52 ==> XCE: checking for qsub:                                 found     
2017-04-19 14:15:52 ==> XCE: checking for array qsub:                           found     
2017-04-19 14:15:52 ==> XCE: checking for refmac5:                              found     
2017-04-19 14:15:54 ==> XCE: checking for phenix.molprobity:                    found     
2017-04-19 14:15:55 ==> XCE: checking for phenix.find_tls_groups:               found     
2017-04-19 14:15:55 ==> XCE: checking for mmtbx.validate_ligands:               found     
2017-04-19 14:15:56 ==> XCE: checking for acedrg:                               found     
2017-04-19 14:15:58 ==> XCE: checking for phenix.elbow:                         found     
2017-04-19 14:15:58 ==> XCE: checking for grade:                                found     
2017-04-19 14:15:59 ==> XCE: checking for giant.create_occupancy_params:        found     
2017-04-19 14:15:52 ==> XCE: new session started
2017-04-19 14:15:59 ==> XCE: will use ACEDRG for generation of ligand coordinates and restraints
2017-04-19 14:15:59 ==> XCE: reference file 0: ['...', '', '', '', 0, '0']
2017-04-19 14:16:00 ==> XCE: reference file 0: ['...', '', '', '', 0, '0']
2017-04-19 18:12:03 ==> XCE: 

     ######################################################################
     #                                                                    #
     # XCHEMEXPLORER - multi dataset analysis                             #
     #                                                                    #
     # Version: v1.0-beta.3.4                                             #
     #                                                                    #
     # Date:                                                              #
     #                                                                    #
     # Author: Tobias Krojer, Structural Genomics Consortium, Oxford, UK  #
     #         tobias.krojer@sgc.ox.ac.uk                                 #
     #                                                                    #
     ######################################################################

writing into existing logfile for current XChemExplorer (v1.0-beta.3.4) session:
/dls/science/groups/i04-1/software/XChemExplorer/xce.log

2017-04-19 18:12:03 ==> XCE: Searching for external software...
2017-04-19 18:12:03 ==> XCE: checking for qsub:                                 found     
2017-04-19 18:12:03 ==> XCE: checking for array qsub:                           found     
2017-04-19 18:12:03 ==> XCE: checking for refmac5:                              found     
2017-04-19 18:12:05 ==> XCE: checking for phenix.molprobity:                    found     
2017-04-19 18:12:06 ==> XCE: checking for phenix.find_tls_groups:               found     
2017-04-19 18:12:06 ==> XCE: checking for mmtbx.validate_ligands:               found     
2017-04-19 18:12:07 ==> XCE: checking for acedrg:                               found     
2017-04-19 18:12:09 ==> XCE: checking for phenix.elbow:                         found     
2017-04-19 18:12:09 ==> XCE: checking for grade:                                found     
2017-04-19 18:12:10 ==> XCE: checking for giant.create_occupancy_params:        found     
2017-04-19 18:12:03 ==> XCE: new session started
2017-04-19 18:12:10 ==> XCE: will use ACEDRG for generation of ligand coordinates and restraints
2017-04-19 18:12:10 ==> XCE: reference file 0: ['...', '', '', '', 0, '0']
2017-04-19 18:12:10 ==> XCE: reference file 0: ['...', '', '', '', 0, '0']
